::1 - - [14/Dec/2016:20:26:27 +0000] "GET / HTTP/1.1" 500 1300 "-" "Mozilla/5.0 (Macintosh; Intel Mac OS X 10_11_6) AppleWebKit/537.36 (KHTML, like Gecko) Chrome/54.0.2840.98 Safari/537.36"
::1 - - [14/Dec/2016:20:26:39 +0000] "GET / HTTP/1.1" 200 20 "-" "Mozilla/5.0 (Macintosh; Intel Mac OS X 10_11_6) AppleWebKit/537.36 (KHTML, like Gecko) Chrome/54.0.2840.98 Safari/537.36"
::1 - - [14/Dec/2016:20:30:06 +0000] "GET /posts HTTP/1.1" 500 1371 "-" "Mozilla/5.0 (Macintosh; Intel Mac OS X 10_11_6) AppleWebKit/537.36 (KHTML, like Gecko) Chrome/54.0.2840.98 Safari/537.36"
::1 - - [14/Dec/2016:20:30:22 +0000] "GET /posts HTTP/1.1" 500 1362 "-" "Mozilla/5.0 (Macintosh; Intel Mac OS X 10_11_6) AppleWebKit/537.36 (KHTML, like Gecko) Chrome/54.0.2840.98 Safari/537.36"
::1 - - [14/Dec/2016:20:30:41 +0000] "GET /posts HTTP/1.1" 200 31 "-" "Mozilla/5.0 (Macintosh; Intel Mac OS X 10_11_6) AppleWebKit/537.36 (KHTML, like Gecko) Chrome/54.0.2840.98 Safari/537.36"
::1 - - [14/Dec/2016:20:34:04 +0000] "GET /posts/new HTTP/1.1" 200 267 "-" "Mozilla/5.0 (Macintosh; Intel Mac OS X 10_11_6) AppleWebKit/537.36 (KHTML, like Gecko) Chrome/54.0.2840.98 Safari/537.36"
::1 - - [14/Dec/2016:20:34:14 +0000] "GET / HTTP/1.1" 200 20 "-" "Mozilla/5.0 (Macintosh; Intel Mac OS X 10_11_6) AppleWebKit/537.36 (KHTML, like Gecko) Chrome/54.0.2840.98 Safari/537.36"
::1 - - [14/Dec/2016:20:34:15 +0000] "GET /service-worker.js HTTP/1.1" 404 30 "http://localhost:8080/service-worker.js" "Mozilla/5.0 (Macintosh; Intel Mac OS X 10_11_6) AppleWebKit/537.36 (KHTML, like Gecko) Chrome/54.0.2840.98 Safari/537.36"
::1 - - [14/Dec/2016:20:34:15 +0000] "GET /posts HTTP/1.1" 200 31 "-" "Mozilla/5.0 (Macintosh; Intel Mac OS X 10_11_6) AppleWebKit/537.36 (KHTML, like Gecko) Chrome/54.0.2840.98 Safari/537.36"
::1 - - [14/Dec/2016:20:34:16 +0000] "GET /service-worker.js HTTP/1.1" 404 30 "http://localhost:8080/service-worker.js" "Mozilla/5.0 (Macintosh; Intel Mac OS X 10_11_6) AppleWebKit/537.36 (KHTML, like Gecko) Chrome/54.0.2840.98 Safari/537.36"
::1 - - [14/Dec/2016:20:34:18 +0000] "GET /posts/new HTTP/1.1" 200 267 "-" "Mozilla/5.0 (Macintosh; Intel Mac OS X 10_11_6) AppleWebKit/537.36 (KHTML, like Gecko) Chrome/54.0.2840.98 Safari/537.36"
::1 - - [14/Dec/2016:20:34:19 +0000] "GET /service-worker.js HTTP/1.1" 404 30 "http://localhost:8080/service-worker.js" "Mozilla/5.0 (Macintosh; Intel Mac OS X 10_11_6) AppleWebKit/537.36 (KHTML, like Gecko) Chrome/54.0.2840.98 Safari/537.36"
::1 - - [14/Dec/2016:20:36:10 +0000] "GET /service-worker.js HTTP/1.1" 404 30 "http://localhost:8080/service-worker.js" "Mozilla/5.0 (Macintosh; Intel Mac OS X 10_11_6) AppleWebKit/537.36 (KHTML, like Gecko) Chrome/54.0.2840.98 Safari/537.36"
::1 - - [14/Dec/2016:20:37:00 +0000] "GET /posts HTTP/1.1" 304 - "-" "Mozilla/5.0 (Macintosh; Intel Mac OS X 10_11_6) AppleWebKit/537.36 (KHTML, like Gecko) Chrome/54.0.2840.98 Safari/537.36"
::1 - - [14/Dec/2016:20:37:01 +0000] "GET /service-worker.js HTTP/1.1" 404 30 "http://localhost:8080/service-worker.js" "Mozilla/5.0 (Macintosh; Intel Mac OS X 10_11_6) AppleWebKit/537.36 (KHTML, like Gecko) Chrome/54.0.2840.98 Safari/537.36"
::1 - - [14/Dec/2016:20:37:03 +0000] "GET /posts/new HTTP/1.1" 304 - "-" "Mozilla/5.0 (Macintosh; Intel Mac OS X 10_11_6) AppleWebKit/537.36 (KHTML, like Gecko) Chrome/54.0.2840.98 Safari/537.36"
::1 - - [14/Dec/2016:20:37:04 +0000] "GET /service-worker.js HTTP/1.1" 404 30 "http://localhost:8080/service-worker.js" "Mozilla/5.0 (Macintosh; Intel Mac OS X 10_11_6) AppleWebKit/537.36 (KHTML, like Gecko) Chrome/54.0.2840.98 Safari/537.36"
::1 - - [14/Dec/2016:20:37:06 +0000] "POST /posts HTTP/1.1" 302 60 "http://localhost:8080/posts/new" "Mozilla/5.0 (Macintosh; Intel Mac OS X 10_11_6) AppleWebKit/537.36 (KHTML, like Gecko) Chrome/54.0.2840.98 Safari/537.36"
::1 - - [14/Dec/2016:20:37:06 +0000] "GET /posts/1 HTTP/1.1" 500 1353 "http://localhost:8080/posts/new" "Mozilla/5.0 (Macintosh; Intel Mac OS X 10_11_6) AppleWebKit/537.36 (KHTML, like Gecko) Chrome/54.0.2840.98 Safari/537.36"
::1 - - [14/Dec/2016:20:37:07 +0000] "GET /service-worker.js HTTP/1.1" 404 30 "http://localhost:8080/service-worker.js" "Mozilla/5.0 (Macintosh; Intel Mac OS X 10_11_6) AppleWebKit/537.36 (KHTML, like Gecko) Chrome/54.0.2840.98 Safari/537.36"
::1 - - [14/Dec/2016:20:37:39 +0000] "GET /posts/1 HTTP/1.1" 200 19 "http://localhost:8080/posts/new" "Mozilla/5.0 (Macintosh; Intel Mac OS X 10_11_6) AppleWebKit/537.36 (KHTML, like Gecko) Chrome/54.0.2840.98 Safari/537.36"
::1 - - [14/Dec/2016:20:37:40 +0000] "GET /service-worker.js HTTP/1.1" 404 30 "http://localhost:8080/service-worker.js" "Mozilla/5.0 (Macintosh; Intel Mac OS X 10_11_6) AppleWebKit/537.36 (KHTML, like Gecko) Chrome/54.0.2840.98 Safari/537.36"
::1 - - [14/Dec/2016:20:38:43 +0000] "GET /posts/1 HTTP/1.1" 304 - "http://localhost:8080/posts/new" "Mozilla/5.0 (Macintosh; Intel Mac OS X 10_11_6) AppleWebKit/537.36 (KHTML, like Gecko) Chrome/54.0.2840.98 Safari/537.36"
::1 - - [14/Dec/2016:20:38:44 +0000] "GET /service-worker.js HTTP/1.1" 404 30 "http://localhost:8080/service-worker.js" "Mozilla/5.0 (Macintosh; Intel Mac OS X 10_11_6) AppleWebKit/537.36 (KHTML, like Gecko) Chrome/54.0.2840.98 Safari/537.36"
::1 - - [14/Dec/2016:20:38:44 +0000] "GET /posts/1 HTTP/1.1" 304 - "http://localhost:8080/posts/new" "Mozilla/5.0 (Macintosh; Intel Mac OS X 10_11_6) AppleWebKit/537.36 (KHTML, like Gecko) Chrome/54.0.2840.98 Safari/537.36"
::1 - - [14/Dec/2016:20:38:45 +0000] "GET /service-worker.js HTTP/1.1" 404 30 "http://localhost:8080/service-worker.js" "Mozilla/5.0 (Macintosh; Intel Mac OS X 10_11_6) AppleWebKit/537.36 (KHTML, like Gecko) Chrome/54.0.2840.98 Safari/537.36"
::1 - - [14/Dec/2016:20:38:50 +0000] "GET /posts/1 HTTP/1.1" 304 - "http://localhost:8080/posts/new" "Mozilla/5.0 (Macintosh; Intel Mac OS X 10_11_6) AppleWebKit/537.36 (KHTML, like Gecko) Chrome/54.0.2840.98 Safari/537.36"
::1 - - [14/Dec/2016:20:38:51 +0000] "GET /service-worker.js HTTP/1.1" 404 30 "http://localhost:8080/service-worker.js" "Mozilla/5.0 (Macintosh; Intel Mac OS X 10_11_6) AppleWebKit/537.36 (KHTML, like Gecko) Chrome/54.0.2840.98 Safari/537.36"
::1 - - [14/Dec/2016:20:38:59 +0000] "GET /posts/1 HTTP/1.1" 500 1498 "http://localhost:8080/posts/new" "Mozilla/5.0 (Macintosh; Intel Mac OS X 10_11_6) AppleWebKit/537.36 (KHTML, like Gecko) Chrome/54.0.2840.98 Safari/537.36"
::1 - - [14/Dec/2016:20:39:00 +0000] "GET /service-worker.js HTTP/1.1" 404 30 "http://localhost:8080/service-worker.js" "Mozilla/5.0 (Macintosh; Intel Mac OS X 10_11_6) AppleWebKit/537.36 (KHTML, like Gecko) Chrome/54.0.2840.98 Safari/537.36"
::1 - - [14/Dec/2016:20:39:06 +0000] "GET /posts/1 HTTP/1.1" 500 1493 "http://localhost:8080/posts/new" "Mozilla/5.0 (Macintosh; Intel Mac OS X 10_11_6) AppleWebKit/537.36 (KHTML, like Gecko) Chrome/54.0.2840.98 Safari/537.36"
::1 - - [14/Dec/2016:20:39:07 +0000] "GET /service-worker.js HTTP/1.1" 404 30 "http://localhost:8080/service-worker.js" "Mozilla/5.0 (Macintosh; Intel Mac OS X 10_11_6) AppleWebKit/537.36 (KHTML, like Gecko) Chrome/54.0.2840.98 Safari/537.36"
::1 - - [14/Dec/2016:20:39:44 +0000] "GET /posts/1 HTTP/1.1" 200 29 "http://localhost:8080/posts/new" "Mozilla/5.0 (Macintosh; Intel Mac OS X 10_11_6) AppleWebKit/537.36 (KHTML, like Gecko) Chrome/54.0.2840.98 Safari/537.36"
::1 - - [14/Dec/2016:20:39:45 +0000] "GET /service-worker.js HTTP/1.1" 404 30 "http://localhost:8080/service-worker.js" "Mozilla/5.0 (Macintosh; Intel Mac OS X 10_11_6) AppleWebKit/537.36 (KHTML, like Gecko) Chrome/54.0.2840.98 Safari/537.36"
::1 - - [14/Dec/2016:20:40:42 +0000] "GET /posts/1 HTTP/1.1" 200 37 "http://localhost:8080/posts/new" "Mozilla/5.0 (Macintosh; Intel Mac OS X 10_11_6) AppleWebKit/537.36 (KHTML, like Gecko) Chrome/54.0.2840.98 Safari/537.36"
::1 - - [14/Dec/2016:20:40:43 +0000] "GET /service-worker.js HTTP/1.1" 404 30 "http://localhost:8080/service-worker.js" "Mozilla/5.0 (Macintosh; Intel Mac OS X 10_11_6) AppleWebKit/537.36 (KHTML, like Gecko) Chrome/54.0.2840.98 Safari/537.36"
::1 - - [14/Dec/2016:20:43:51 +0000] "GET /posts/1/edit HTTP/1.1" 200 304 "-" "Mozilla/5.0 (Macintosh; Intel Mac OS X 10_11_6) AppleWebKit/537.36 (KHTML, like Gecko) Chrome/54.0.2840.98 Safari/537.36"
::1 - - [14/Dec/2016:20:43:52 +0000] "GET /service-worker.js HTTP/1.1" 404 30 "http://localhost:8080/service-worker.js" "Mozilla/5.0 (Macintosh; Intel Mac OS X 10_11_6) AppleWebKit/537.36 (KHTML, like Gecko) Chrome/54.0.2840.98 Safari/537.36"
::1 - - [14/Dec/2016:20:44:29 +0000] "GET /posts/1/edit HTTP/1.1" 200 295 "-" "Mozilla/5.0 (Macintosh; Intel Mac OS X 10_11_6) AppleWebKit/537.36 (KHTML, like Gecko) Chrome/54.0.2840.98 Safari/537.36"
::1 - - [14/Dec/2016:20:44:30 +0000] "GET /service-worker.js HTTP/1.1" 404 30 "http://localhost:8080/service-worker.js" "Mozilla/5.0 (Macintosh; Intel Mac OS X 10_11_6) AppleWebKit/537.36 (KHTML, like Gecko) Chrome/54.0.2840.98 Safari/537.36"
::1 - - [14/Dec/2016:20:45:57 +0000] "GET /posts/1/edit HTTP/1.1" 200 297 "-" "Mozilla/5.0 (Macintosh; Intel Mac OS X 10_11_6) AppleWebKit/537.36 (KHTML, like Gecko) Chrome/54.0.2840.98 Safari/537.36"
::1 - - [14/Dec/2016:20:45:58 +0000] "GET /service-worker.js HTTP/1.1" 404 30 "http://localhost:8080/service-worker.js" "Mozilla/5.0 (Macintosh; Intel Mac OS X 10_11_6) AppleWebKit/537.36 (KHTML, like Gecko) Chrome/54.0.2840.98 Safari/537.36"
::1 - - [14/Dec/2016:20:46:02 +0000] "POST /posts/1 HTTP/1.1" 404 21 "http://localhost:8080/posts/1/edit" "Mozilla/5.0 (Macintosh; Intel Mac OS X 10_11_6) AppleWebKit/537.36 (KHTML, like Gecko) Chrome/54.0.2840.98 Safari/537.36"
::1 - - [14/Dec/2016:20:46:03 +0000] "GET /service-worker.js HTTP/1.1" 404 30 "http://localhost:8080/service-worker.js" "Mozilla/5.0 (Macintosh; Intel Mac OS X 10_11_6) AppleWebKit/537.36 (KHTML, like Gecko) Chrome/54.0.2840.98 Safari/537.36"
::1 - - [14/Dec/2016:20:47:10 +0000] "GET /service-worker.js HTTP/1.1" 404 30 "http://localhost:8080/service-worker.js" "Mozilla/5.0 (Macintosh; Intel Mac OS X 10_11_6) AppleWebKit/537.36 (KHTML, like Gecko) Chrome/54.0.2840.98 Safari/537.36"
::1 - - [14/Dec/2016:20:47:11 +0000] "POST /posts/1 HTTP/1.1" 404 21 "http://localhost:8080/posts/1/edit" "Mozilla/5.0 (Macintosh; Intel Mac OS X 10_11_6) AppleWebKit/537.36 (KHTML, like Gecko) Chrome/54.0.2840.98 Safari/537.36"
::1 - - [14/Dec/2016:20:47:12 +0000] "GET /service-worker.js HTTP/1.1" 404 30 "http://localhost:8080/service-worker.js" "Mozilla/5.0 (Macintosh; Intel Mac OS X 10_11_6) AppleWebKit/537.36 (KHTML, like Gecko) Chrome/54.0.2840.98 Safari/537.36"
::1 - - [14/Dec/2016:20:47:14 +0000] "GET /posts/1/edit HTTP/1.1" 200 350 "-" "Mozilla/5.0 (Macintosh; Intel Mac OS X 10_11_6) AppleWebKit/537.36 (KHTML, like Gecko) Chrome/54.0.2840.98 Safari/537.36"
::1 - - [14/Dec/2016:20:47:15 +0000] "GET /service-worker.js HTTP/1.1" 404 30 "http://localhost:8080/service-worker.js" "Mozilla/5.0 (Macintosh; Intel Mac OS X 10_11_6) AppleWebKit/537.36 (KHTML, like Gecko) Chrome/54.0.2840.98 Safari/537.36"
::1 - - [14/Dec/2016:20:47:21 +0000] "POST /posts/1 HTTP/1.1" 404 21 "http://localhost:8080/posts/1/edit" "Mozilla/5.0 (Macintosh; Intel Mac OS X 10_11_6) AppleWebKit/537.36 (KHTML, like Gecko) Chrome/54.0.2840.98 Safari/537.36"
::1 - - [14/Dec/2016:20:47:22 +0000] "GET /service-worker.js HTTP/1.1" 404 30 "http://localhost:8080/service-worker.js" "Mozilla/5.0 (Macintosh; Intel Mac OS X 10_11_6) AppleWebKit/537.36 (KHTML, like Gecko) Chrome/54.0.2840.98 Safari/537.36"
::1 - - [14/Dec/2016:20:47:24 +0000] "GET /service-worker.js HTTP/1.1" 404 30 "http://localhost:8080/service-worker.js" "Mozilla/5.0 (Macintosh; Intel Mac OS X 10_11_6) AppleWebKit/537.36 (KHTML, like Gecko) Chrome/54.0.2840.98 Safari/537.36"
::1 - - [14/Dec/2016:20:52:02 +0000] "GET /posts/1/edit HTTP/1.1" 200 296 "-" "Mozilla/5.0 (Macintosh; Intel Mac OS X 10_11_6) AppleWebKit/537.36 (KHTML, like Gecko) Chrome/54.0.2840.98 Safari/537.36"
::1 - - [14/Dec/2016:20:52:04 +0000] "GET /service-worker.js HTTP/1.1" 404 30 "http://localhost:8080/service-worker.js" "Mozilla/5.0 (Macintosh; Intel Mac OS X 10_11_6) AppleWebKit/537.36 (KHTML, like Gecko) Chrome/54.0.2840.98 Safari/537.36"
::1 - - [14/Dec/2016:20:52:08 +0000] "GET /posts/1?title=2nd+Post&description=lorem+ipsum HTTP/1.1" 200 37 "http://localhost:8080/posts/1/edit" "Mozilla/5.0 (Macintosh; Intel Mac OS X 10_11_6) AppleWebKit/537.36 (KHTML, like Gecko) Chrome/54.0.2840.98 Safari/537.36"
::1 - - [14/Dec/2016:20:52:09 +0000] "GET /service-worker.js HTTP/1.1" 404 30 "http://localhost:8080/service-worker.js" "Mozilla/5.0 (Macintosh; Intel Mac OS X 10_11_6) AppleWebKit/537.36 (KHTML, like Gecko) Chrome/54.0.2840.98 Safari/537.36"
::1 - - [14/Dec/2016:20:52:45 +0000] "GET /posts/1?title=2nd+Post&description=lorem+ipsum HTTP/1.1" 304 - "http://localhost:8080/posts/1/edit" "Mozilla/5.0 (Macintosh; Intel Mac OS X 10_11_6) AppleWebKit/537.36 (KHTML, like Gecko) Chrome/54.0.2840.98 Safari/537.36"
::1 - - [14/Dec/2016:20:52:46 +0000] "GET /service-worker.js HTTP/1.1" 404 30 "http://localhost:8080/service-worker.js" "Mozilla/5.0 (Macintosh; Intel Mac OS X 10_11_6) AppleWebKit/537.36 (KHTML, like Gecko) Chrome/54.0.2840.98 Safari/537.36"
::1 - - [14/Dec/2016:21:05:23 +0000] "DELETE / HTTP/1.1" 404 16 "-" "Mozilla/5.0 (Macintosh; Intel Mac OS X 10_11_6) AppleWebKit/537.36 (KHTML, like Gecko) Chrome/54.0.2840.98 Safari/537.36"
::1 - - [14/Dec/2016:21:05:29 +0000] "GET / HTTP/1.1" 500 1998 "-" "Mozilla/5.0 (Macintosh; Intel Mac OS X 10_11_6) AppleWebKit/537.36 (KHTML, like Gecko) Chrome/54.0.2840.98 Safari/537.36"
::1 - - [14/Dec/2016:21:05:44 +0000] "GET / HTTP/1.1" 200 20 "-" "Mozilla/5.0 (Macintosh; Intel Mac OS X 10_11_6) AppleWebKit/537.36 (KHTML, like Gecko) Chrome/54.0.2840.98 Safari/537.36"
::1 - - [14/Dec/2016:21:11:13 +0000] "GET /posts/new HTTP/1.1" 304 - "-" "Mozilla/5.0 (Macintosh; Intel Mac OS X 10_11_6) AppleWebKit/537.36 (KHTML, like Gecko) Chrome/54.0.2840.98 Safari/537.36"
::1 - - [14/Dec/2016:21:11:14 +0000] "GET /service-worker.js HTTP/1.1" 404 30 "http://localhost:8080/service-worker.js" "Mozilla/5.0 (Macintosh; Intel Mac OS X 10_11_6) AppleWebKit/537.36 (KHTML, like Gecko) Chrome/54.0.2840.98 Safari/537.36"
::1 - - [14/Dec/2016:21:11:21 +0000] "POST /posts HTTP/1.1" 302 60 "http://localhost:8080/posts/new" "Mozilla/5.0 (Macintosh; Intel Mac OS X 10_11_6) AppleWebKit/537.36 (KHTML, like Gecko) Chrome/54.0.2840.98 Safari/537.36"
::1 - - [14/Dec/2016:21:11:21 +0000] "GET /posts/1 HTTP/1.1" 304 - "http://localhost:8080/posts/new" "Mozilla/5.0 (Macintosh; Intel Mac OS X 10_11_6) AppleWebKit/537.36 (KHTML, like Gecko) Chrome/54.0.2840.98 Safari/537.36"
::1 - - [14/Dec/2016:21:11:22 +0000] "GET /service-worker.js HTTP/1.1" 404 30 "http://localhost:8080/service-worker.js" "Mozilla/5.0 (Macintosh; Intel Mac OS X 10_11_6) AppleWebKit/537.36 (KHTML, like Gecko) Chrome/54.0.2840.98 Safari/537.36"
::1 - - [14/Dec/2016:21:12:59 +0000] "GET /posts/new HTTP/1.1" 304 - "-" "Mozilla/5.0 (Macintosh; Intel Mac OS X 10_11_6) AppleWebKit/537.36 (KHTML, like Gecko) Chrome/54.0.2840.98 Safari/537.36"
::1 - - [14/Dec/2016:21:13:00 +0000] "GET /service-worker.js HTTP/1.1" 404 30 "http://localhost:8080/service-worker.js" "Mozilla/5.0 (Macintosh; Intel Mac OS X 10_11_6) AppleWebKit/537.36 (KHTML, like Gecko) Chrome/54.0.2840.98 Safari/537.36"
::1 - - [14/Dec/2016:21:13:07 +0000] "POST /posts HTTP/1.1" 302 106 "http://localhost:8080/posts/new" "Mozilla/5.0 (Macintosh; Intel Mac OS X 10_11_6) AppleWebKit/537.36 (KHTML, like Gecko) Chrome/54.0.2840.98 Safari/537.36"
::1 - - [14/Dec/2016:21:13:07 +0000] "GET /posts/5851b5e39f7ccb53f76db018 HTTP/1.1" 200 37 "http://localhost:8080/posts/new" "Mozilla/5.0 (Macintosh; Intel Mac OS X 10_11_6) AppleWebKit/537.36 (KHTML, like Gecko) Chrome/54.0.2840.98 Safari/537.36"
::1 - - [14/Dec/2016:21:13:08 +0000] "GET /service-worker.js HTTP/1.1" 404 30 "http://localhost:8080/service-worker.js" "Mozilla/5.0 (Macintosh; Intel Mac OS X 10_11_6) AppleWebKit/537.36 (KHTML, like Gecko) Chrome/54.0.2840.98 Safari/537.36"
::1 - - [14/Dec/2016:21:15:06 +0000] "GET /posts/5851b5e39f7ccb53f76db018 HTTP/1.1" 200 18 "http://localhost:8080/posts/new" "Mozilla/5.0 (Macintosh; Intel Mac OS X 10_11_6) AppleWebKit/537.36 (KHTML, like Gecko) Chrome/54.0.2840.98 Safari/537.36"
::1 - - [14/Dec/2016:21:15:07 +0000] "GET /service-worker.js HTTP/1.1" 404 30 "http://localhost:8080/service-worker.js" "Mozilla/5.0 (Macintosh; Intel Mac OS X 10_11_6) AppleWebKit/537.36 (KHTML, like Gecko) Chrome/54.0.2840.98 Safari/537.36"
::1 - - [14/Dec/2016:21:15:07 +0000] "GET /posts/5851b5e39f7ccb53f76db018 HTTP/1.1" 304 - "http://localhost:8080/posts/new" "Mozilla/5.0 (Macintosh; Intel Mac OS X 10_11_6) AppleWebKit/537.36 (KHTML, like Gecko) Chrome/54.0.2840.98 Safari/537.36"
::1 - - [14/Dec/2016:21:15:08 +0000] "GET /service-worker.js HTTP/1.1" 404 30 "http://localhost:8080/service-worker.js" "Mozilla/5.0 (Macintosh; Intel Mac OS X 10_11_6) AppleWebKit/537.36 (KHTML, like Gecko) Chrome/54.0.2840.98 Safari/537.36"
::1 - - [14/Dec/2016:21:15:17 +0000] "GET /posts/5851b5e39f7ccb53f76db018 HTTP/1.1" 304 - "-" "Mozilla/5.0 (Macintosh; Intel Mac OS X 10_11_6) AppleWebKit/537.36 (KHTML, like Gecko) Chrome/54.0.2840.98 Safari/537.36"
::1 - - [14/Dec/2016:21:15:18 +0000] "GET /service-worker.js HTTP/1.1" 404 30 "http://localhost:8080/service-worker.js" "Mozilla/5.0 (Macintosh; Intel Mac OS X 10_11_6) AppleWebKit/537.36 (KHTML, like Gecko) Chrome/54.0.2840.98 Safari/537.36"
::1 - - [14/Dec/2016:21:15:26 +0000] "GET /service-worker.js HTTP/1.1" 404 30 "http://localhost:8080/service-worker.js" "Mozilla/5.0 (Macintosh; Intel Mac OS X 10_11_6) AppleWebKit/537.36 (KHTML, like Gecko) Chrome/54.0.2840.98 Safari/537.36"
::1 - - [14/Dec/2016:21:15:27 +0000] "GET /posts/5851b5e39f7ccb53f76db018 HTTP/1.1" 304 - "-" "Mozilla/5.0 (Macintosh; Intel Mac OS X 10_11_6) AppleWebKit/537.36 (KHTML, like Gecko) Chrome/54.0.2840.98 Safari/537.36"
::1 - - [14/Dec/2016:21:15:28 +0000] "GET /service-worker.js HTTP/1.1" 404 30 "http://localhost:8080/service-worker.js" "Mozilla/5.0 (Macintosh; Intel Mac OS X 10_11_6) AppleWebKit/537.36 (KHTML, like Gecko) Chrome/54.0.2840.98 Safari/537.36"
::1 - - [14/Dec/2016:21:15:53 +0000] "GET /posts/5851b5e39f7ccb53f76db018 HTTP/1.1" 304 - "-" "Mozilla/5.0 (Macintosh; Intel Mac OS X 10_11_6) AppleWebKit/537.36 (KHTML, like Gecko) Chrome/54.0.2840.98 Safari/537.36"
::1 - - [14/Dec/2016:21:15:54 +0000] "GET /service-worker.js HTTP/1.1" 404 30 "http://localhost:8080/service-worker.js" "Mozilla/5.0 (Macintosh; Intel Mac OS X 10_11_6) AppleWebKit/537.36 (KHTML, like Gecko) Chrome/54.0.2840.98 Safari/537.36"
::1 - - [14/Dec/2016:21:15:56 +0000] "GET /posts/5851b5e39f7ccb53f76db018 HTTP/1.1" 304 - "-" "Mozilla/5.0 (Macintosh; Intel Mac OS X 10_11_6) AppleWebKit/537.36 (KHTML, like Gecko) Chrome/54.0.2840.98 Safari/537.36"
::1 - - [14/Dec/2016:21:15:57 +0000] "GET /service-worker.js HTTP/1.1" 404 30 "http://localhost:8080/service-worker.js" "Mozilla/5.0 (Macintosh; Intel Mac OS X 10_11_6) AppleWebKit/537.36 (KHTML, like Gecko) Chrome/54.0.2840.98 Safari/537.36"
::1 - - [14/Dec/2016:21:15:57 +0000] "GET /posts/5851b5e39f7ccb53f76db018 HTTP/1.1" 304 - "-" "Mozilla/5.0 (Macintosh; Intel Mac OS X 10_11_6) AppleWebKit/537.36 (KHTML, like Gecko) Chrome/54.0.2840.98 Safari/537.36"
::1 - - [14/Dec/2016:21:15:58 +0000] "GET /service-worker.js HTTP/1.1" 404 30 "http://localhost:8080/service-worker.js" "Mozilla/5.0 (Macintosh; Intel Mac OS X 10_11_6) AppleWebKit/537.36 (KHTML, like Gecko) Chrome/54.0.2840.98 Safari/537.36"
::1 - - [14/Dec/2016:21:16:22 +0000] "GET /posts/5851b5e39f7ccb53f76db018 HTTP/1.1" 304 - "-" "Mozilla/5.0 (Macintosh; Intel Mac OS X 10_11_6) AppleWebKit/537.36 (KHTML, like Gecko) Chrome/54.0.2840.98 Safari/537.36"
::1 - - [14/Dec/2016:21:16:23 +0000] "GET /service-worker.js HTTP/1.1" 404 30 "http://localhost:8080/service-worker.js" "Mozilla/5.0 (Macintosh; Intel Mac OS X 10_11_6) AppleWebKit/537.36 (KHTML, like Gecko) Chrome/54.0.2840.98 Safari/537.36"
::1 - - [14/Dec/2016:21:16:45 +0000] "GET /posts/5851b5e39f7ccb53f76db018 HTTP/1.1" 304 - "-" "Mozilla/5.0 (Macintosh; Intel Mac OS X 10_11_6) AppleWebKit/537.36 (KHTML, like Gecko) Chrome/54.0.2840.98 Safari/537.36"
::1 - - [14/Dec/2016:21:16:46 +0000] "GET /service-worker.js HTTP/1.1" 404 30 "http://localhost:8080/service-worker.js" "Mozilla/5.0 (Macintosh; Intel Mac OS X 10_11_6) AppleWebKit/537.36 (KHTML, like Gecko) Chrome/54.0.2840.98 Safari/537.36"
::1 - - [14/Dec/2016:21:16:49 +0000] "GET /posts/5851b5e39f7ccb53f76db018 HTTP/1.1" 304 - "-" "Mozilla/5.0 (Macintosh; Intel Mac OS X 10_11_6) AppleWebKit/537.36 (KHTML, like Gecko) Chrome/54.0.2840.98 Safari/537.36"
::1 - - [14/Dec/2016:21:16:50 +0000] "GET /service-worker.js HTTP/1.1" 404 30 "http://localhost:8080/service-worker.js" "Mozilla/5.0 (Macintosh; Intel Mac OS X 10_11_6) AppleWebKit/537.36 (KHTML, like Gecko) Chrome/54.0.2840.98 Safari/537.36"
::1 - - [14/Dec/2016:21:19:17 +0000] "GET /posts/5851b5e39f7ccb53f76db018 HTTP/1.1" 304 - "-" "Mozilla/5.0 (Macintosh; Intel Mac OS X 10_11_6) AppleWebKit/537.36 (KHTML, like Gecko) Chrome/54.0.2840.98 Safari/537.36"
::1 - - [14/Dec/2016:21:19:18 +0000] "GET /service-worker.js HTTP/1.1" 404 30 "http://localhost:8080/service-worker.js" "Mozilla/5.0 (Macintosh; Intel Mac OS X 10_11_6) AppleWebKit/537.36 (KHTML, like Gecko) Chrome/54.0.2840.98 Safari/537.36"
::1 - - [14/Dec/2016:21:19:20 +0000] "GET /posts/5851b5e39f7ccb53f76db018 HTTP/1.1" 304 - "-" "Mozilla/5.0 (Macintosh; Intel Mac OS X 10_11_6) AppleWebKit/537.36 (KHTML, like Gecko) Chrome/54.0.2840.98 Safari/537.36"
::1 - - [14/Dec/2016:21:19:21 +0000] "GET /service-worker.js HTTP/1.1" 404 30 "http://localhost:8080/service-worker.js" "Mozilla/5.0 (Macintosh; Intel Mac OS X 10_11_6) AppleWebKit/537.36 (KHTML, like Gecko) Chrome/54.0.2840.98 Safari/537.36"
::1 - - [14/Dec/2016:21:19:34 +0000] "GET /service-worker.js HTTP/1.1" 404 30 "http://localhost:8080/service-worker.js" "Mozilla/5.0 (Macintosh; Intel Mac OS X 10_11_6) AppleWebKit/537.36 (KHTML, like Gecko) Chrome/54.0.2840.98 Safari/537.36"
::1 - - [14/Dec/2016:21:19:35 +0000] "GET /posts/5851b5e39f7ccb53f76db018 HTTP/1.1" 304 - "-" "Mozilla/5.0 (Macintosh; Intel Mac OS X 10_11_6) AppleWebKit/537.36 (KHTML, like Gecko) Chrome/54.0.2840.98 Safari/537.36"
::1 - - [14/Dec/2016:21:19:36 +0000] "GET /service-worker.js HTTP/1.1" 404 30 "http://localhost:8080/service-worker.js" "Mozilla/5.0 (Macintosh; Intel Mac OS X 10_11_6) AppleWebKit/537.36 (KHTML, like Gecko) Chrome/54.0.2840.98 Safari/537.36"
::1 - - [14/Dec/2016:21:19:51 +0000] "GET /posts/5851b5e39f7ccb53f76db018 HTTP/1.1" 304 - "-" "Mozilla/5.0 (Macintosh; Intel Mac OS X 10_11_6) AppleWebKit/537.36 (KHTML, like Gecko) Chrome/54.0.2840.98 Safari/537.36"
::1 - - [14/Dec/2016:21:19:52 +0000] "GET /service-worker.js HTTP/1.1" 404 30 "http://localhost:8080/service-worker.js" "Mozilla/5.0 (Macintosh; Intel Mac OS X 10_11_6) AppleWebKit/537.36 (KHTML, like Gecko) Chrome/54.0.2840.98 Safari/537.36"
::1 - - [14/Dec/2016:21:19:53 +0000] "GET /posts/5851b5e39f7ccb53f76db018 HTTP/1.1" 304 - "-" "Mozilla/5.0 (Macintosh; Intel Mac OS X 10_11_6) AppleWebKit/537.36 (KHTML, like Gecko) Chrome/54.0.2840.98 Safari/537.36"
::1 - - [14/Dec/2016:21:19:54 +0000] "GET /service-worker.js HTTP/1.1" 404 30 "http://localhost:8080/service-worker.js" "Mozilla/5.0 (Macintosh; Intel Mac OS X 10_11_6) AppleWebKit/537.36 (KHTML, like Gecko) Chrome/54.0.2840.98 Safari/537.36"
::1 - - [14/Dec/2016:21:20:25 +0000] "GET /posts/5851b5e39f7ccb53f76db018 HTTP/1.1" 304 - "-" "Mozilla/5.0 (Macintosh; Intel Mac OS X 10_11_6) AppleWebKit/537.36 (KHTML, like Gecko) Chrome/54.0.2840.98 Safari/537.36"
::1 - - [14/Dec/2016:21:20:26 +0000] "GET /service-worker.js HTTP/1.1" 404 30 "http://localhost:8080/service-worker.js" "Mozilla/5.0 (Macintosh; Intel Mac OS X 10_11_6) AppleWebKit/537.36 (KHTML, like Gecko) Chrome/54.0.2840.98 Safari/537.36"
::1 - - [14/Dec/2016:21:20:26 +0000] "GET /posts/5851b5e39f7ccb53f76db018 HTTP/1.1" 304 - "-" "Mozilla/5.0 (Macintosh; Intel Mac OS X 10_11_6) AppleWebKit/537.36 (KHTML, like Gecko) Chrome/54.0.2840.98 Safari/537.36"
::1 - - [14/Dec/2016:21:20:27 +0000] "GET /service-worker.js HTTP/1.1" 404 30 "http://localhost:8080/service-worker.js" "Mozilla/5.0 (Macintosh; Intel Mac OS X 10_11_6) AppleWebKit/537.36 (KHTML, like Gecko) Chrome/54.0.2840.98 Safari/537.36"
::1 - - [14/Dec/2016:21:20:27 +0000] "GET /posts/5851b5e39f7ccb53f76db018 HTTP/1.1" 304 - "-" "Mozilla/5.0 (Macintosh; Intel Mac OS X 10_11_6) AppleWebKit/537.36 (KHTML, like Gecko) Chrome/54.0.2840.98 Safari/537.36"
::1 - - [14/Dec/2016:21:20:28 +0000] "GET /service-worker.js HTTP/1.1" 404 30 "http://localhost:8080/service-worker.js" "Mozilla/5.0 (Macintosh; Intel Mac OS X 10_11_6) AppleWebKit/537.36 (KHTML, like Gecko) Chrome/54.0.2840.98 Safari/537.36"
::1 - - [14/Dec/2016:21:20:29 +0000] "GET /posts/5851b5e39f7ccb53f76db018 HTTP/1.1" 304 - "-" "Mozilla/5.0 (Macintosh; Intel Mac OS X 10_11_6) AppleWebKit/537.36 (KHTML, like Gecko) Chrome/54.0.2840.98 Safari/537.36"
::1 - - [14/Dec/2016:21:20:30 +0000] "GET /service-worker.js HTTP/1.1" 404 30 "http://localhost:8080/service-worker.js" "Mozilla/5.0 (Macintosh; Intel Mac OS X 10_11_6) AppleWebKit/537.36 (KHTML, like Gecko) Chrome/54.0.2840.98 Safari/537.36"
::1 - - [14/Dec/2016:21:20:53 +0000] "GET /posts/5851b5e39f7ccb53f76db018 HTTP/1.1" 304 - "-" "Mozilla/5.0 (Macintosh; Intel Mac OS X 10_11_6) AppleWebKit/537.36 (KHTML, like Gecko) Chrome/54.0.2840.98 Safari/537.36"
::1 - - [14/Dec/2016:21:20:54 +0000] "GET /service-worker.js HTTP/1.1" 404 30 "http://localhost:8080/service-worker.js" "Mozilla/5.0 (Macintosh; Intel Mac OS X 10_11_6) AppleWebKit/537.36 (KHTML, like Gecko) Chrome/54.0.2840.98 Safari/537.36"
::1 - - [14/Dec/2016:21:20:54 +0000] "GET /posts/5851b5e39f7ccb53f76db018 HTTP/1.1" 304 - "-" "Mozilla/5.0 (Macintosh; Intel Mac OS X 10_11_6) AppleWebKit/537.36 (KHTML, like Gecko) Chrome/54.0.2840.98 Safari/537.36"
::1 - - [14/Dec/2016:21:20:55 +0000] "GET /service-worker.js HTTP/1.1" 404 30 "http://localhost:8080/service-worker.js" "Mozilla/5.0 (Macintosh; Intel Mac OS X 10_11_6) AppleWebKit/537.36 (KHTML, like Gecko) Chrome/54.0.2840.98 Safari/537.36"
::1 - - [14/Dec/2016:21:20:56 +0000] "GET /posts/5851b5e39f7ccb53f76db018 HTTP/1.1" 304 - "-" "Mozilla/5.0 (Macintosh; Intel Mac OS X 10_11_6) AppleWebKit/537.36 (KHTML, like Gecko) Chrome/54.0.2840.98 Safari/537.36"
::1 - - [14/Dec/2016:21:20:57 +0000] "GET /service-worker.js HTTP/1.1" 404 30 "http://localhost:8080/service-worker.js" "Mozilla/5.0 (Macintosh; Intel Mac OS X 10_11_6) AppleWebKit/537.36 (KHTML, like Gecko) Chrome/54.0.2840.98 Safari/537.36"
::1 - - [14/Dec/2016:21:21:40 +0000] "GET /posts/5851b5e39f7ccb53f76db018 HTTP/1.1" 304 - "-" "Mozilla/5.0 (Macintosh; Intel Mac OS X 10_11_6) AppleWebKit/537.36 (KHTML, like Gecko) Chrome/54.0.2840.98 Safari/537.36"
::1 - - [14/Dec/2016:21:21:41 +0000] "GET /service-worker.js HTTP/1.1" 404 30 "http://localhost:8080/service-worker.js" "Mozilla/5.0 (Macintosh; Intel Mac OS X 10_11_6) AppleWebKit/537.36 (KHTML, like Gecko) Chrome/54.0.2840.98 Safari/537.36"
::1 - - [14/Dec/2016:21:21:42 +0000] "GET /posts/5851b5e39f7ccb53f76db018 HTTP/1.1" 304 - "-" "Mozilla/5.0 (Macintosh; Intel Mac OS X 10_11_6) AppleWebKit/537.36 (KHTML, like Gecko) Chrome/54.0.2840.98 Safari/537.36"
::1 - - [14/Dec/2016:21:21:43 +0000] "GET /service-worker.js HTTP/1.1" 404 30 "http://localhost:8080/service-worker.js" "Mozilla/5.0 (Macintosh; Intel Mac OS X 10_11_6) AppleWebKit/537.36 (KHTML, like Gecko) Chrome/54.0.2840.98 Safari/537.36"
::1 - - [14/Dec/2016:21:22:16 +0000] "GET /posts/5851b5e39f7ccb53f76db018 HTTP/1.1" 200 24 "-" "Mozilla/5.0 (Macintosh; Intel Mac OS X 10_11_6) AppleWebKit/537.36 (KHTML, like Gecko) Chrome/54.0.2840.98 Safari/537.36"
::1 - - [14/Dec/2016:21:22:17 +0000] "GET /service-worker.js HTTP/1.1" 404 30 "http://localhost:8080/service-worker.js" "Mozilla/5.0 (Macintosh; Intel Mac OS X 10_11_6) AppleWebKit/537.36 (KHTML, like Gecko) Chrome/54.0.2840.98 Safari/537.36"
::1 - - [14/Dec/2016:21:22:24 +0000] "GET /posts/5851b5e39f7ccb53f76db018 HTTP/1.1" 304 - "-" "Mozilla/5.0 (Macintosh; Intel Mac OS X 10_11_6) AppleWebKit/537.36 (KHTML, like Gecko) Chrome/54.0.2840.98 Safari/537.36"
::1 - - [14/Dec/2016:21:22:25 +0000] "GET /service-worker.js HTTP/1.1" 404 30 "http://localhost:8080/service-worker.js" "Mozilla/5.0 (Macintosh; Intel Mac OS X 10_11_6) AppleWebKit/537.36 (KHTML, like Gecko) Chrome/54.0.2840.98 Safari/537.36"
::1 - - [14/Dec/2016:21:22:27 +0000] "GET /posts/5851b5e39f7ccb53f76db018 HTTP/1.1" 304 - "-" "Mozilla/5.0 (Macintosh; Intel Mac OS X 10_11_6) AppleWebKit/537.36 (KHTML, like Gecko) Chrome/54.0.2840.98 Safari/537.36"
::1 - - [14/Dec/2016:21:22:28 +0000] "GET /service-worker.js HTTP/1.1" 404 30 "http://localhost:8080/service-worker.js" "Mozilla/5.0 (Macintosh; Intel Mac OS X 10_11_6) AppleWebKit/537.36 (KHTML, like Gecko) Chrome/54.0.2840.98 Safari/537.36"
::1 - - [14/Dec/2016:21:22:32 +0000] "GET /posts/5851b5e39f7ccb53f76db018 HTTP/1.1" 304 - "-" "Mozilla/5.0 (Macintosh; Intel Mac OS X 10_11_6) AppleWebKit/537.36 (KHTML, like Gecko) Chrome/54.0.2840.98 Safari/537.36"
::1 - - [14/Dec/2016:21:22:33 +0000] "GET /service-worker.js HTTP/1.1" 404 30 "http://localhost:8080/service-worker.js" "Mozilla/5.0 (Macintosh; Intel Mac OS X 10_11_6) AppleWebKit/537.36 (KHTML, like Gecko) Chrome/54.0.2840.98 Safari/537.36"
::1 - - [14/Dec/2016:21:22:34 +0000] "GET /posts/5851b5e39f7ccb53f76db018 HTTP/1.1" 304 - "-" "Mozilla/5.0 (Macintosh; Intel Mac OS X 10_11_6) AppleWebKit/537.36 (KHTML, like Gecko) Chrome/54.0.2840.98 Safari/537.36"
::1 - - [14/Dec/2016:21:22:35 +0000] "GET /service-worker.js HTTP/1.1" 404 30 "http://localhost:8080/service-worker.js" "Mozilla/5.0 (Macintosh; Intel Mac OS X 10_11_6) AppleWebKit/537.36 (KHTML, like Gecko) Chrome/54.0.2840.98 Safari/537.36"
